c:\users\qdcjj\desktop\game\game228\x64\debug\vc143.pdb
c:\users\qdcjj\desktop\game\game228\x64\debug\vc143.idb
c:\users\qdcjj\desktop\game\game228\x64\debug\update.obj
c:\users\qdcjj\desktop\game\game228\x64\debug\source.obj
c:\users\qdcjj\desktop\game\game228\x64\debug\mycar.obj
c:\users\qdcjj\desktop\game\game228\x64\debug\list.obj
c:\users\qdcjj\desktop\game\game228\x64\debug\input.obj
c:\users\qdcjj\desktop\game\game228\x64\debug\explose.obj
c:\users\qdcjj\desktop\game\game228\x64\debug\engine.obj
c:\users\qdcjj\desktop\game\game228\x64\debug\enemy.obj
c:\users\qdcjj\desktop\game\game228\x64\debug\draw.obj
c:\users\qdcjj\desktop\game\game228\x64\debug\dont_move.obj
c:\users\qdcjj\desktop\game\game228\x64\debug\coin.obj
c:\users\qdcjj\desktop\game\game228\x64\debug\bullet.obj
c:\users\qdcjj\desktop\game\x64\debug\game228.exe
c:\users\qdcjj\desktop\game\game228\x64\debug\game228.ilk
c:\users\qdcjj\desktop\game\x64\debug\game228.pdb
c:\users\qdcjj\desktop\game\game228\x64\debug\game228.tlog\cl.command.1.tlog
c:\users\qdcjj\desktop\game\game228\x64\debug\game228.tlog\cl.read.1.tlog
c:\users\qdcjj\desktop\game\game228\x64\debug\game228.tlog\cl.write.1.tlog
c:\users\qdcjj\desktop\game\game228\x64\debug\game228.tlog\link.command.1.tlog
c:\users\qdcjj\desktop\game\game228\x64\debug\game228.tlog\link.read.1.tlog
c:\users\qdcjj\desktop\game\game228\x64\debug\game228.tlog\link.write.1.tlog
