  Bullet.cpp
C:\Users\qdcjj\Desktop\Game\Game228\Bullet.h(2,9): fatal  error C1083: Не удается открыть файл включение: SFML/Graphics.hpp: No such file or directory,
  Coin.cpp
C:\Users\qdcjj\Desktop\Game\Game228\Coin.h(3,9): fatal  error C1083: Не удается открыть файл включение: SFML/Graphics.hpp: No such file or directory,
  dont_move.cpp
C:\Users\qdcjj\Desktop\Game\Game228\engine.h(2,9): fatal  error C1083: Не удается открыть файл включение: SFML/Audio.hpp: No such file or directory,
  Draw.cpp
C:\Users\qdcjj\Desktop\Game\Game228\engine.h(2,9): fatal  error C1083: Не удается открыть файл включение: SFML/Audio.hpp: No such file or directory,
  Enemy.cpp
C:\Users\qdcjj\Desktop\Game\Game228\Enemy.h(2,9): fatal  error C1083: Не удается открыть файл включение: SFML/Graphics.hpp: No such file or directory,
  Engine.cpp
C:\Users\qdcjj\Desktop\Game\Game228\engine.h(2,9): fatal  error C1083: Не удается открыть файл включение: SFML/Audio.hpp: No such file or directory,
  explose.cpp
C:\Users\qdcjj\Desktop\Game\Game228\explose.h(2,9): fatal  error C1083: Не удается открыть файл включение: SFML/Graphics.hpp: No such file or directory,
  input.cpp
C:\Users\qdcjj\Desktop\Game\Game228\engine.h(2,9): fatal  error C1083: Не удается открыть файл включение: SFML/Audio.hpp: No such file or directory,
  list.cpp
  MyCar.cpp
C:\Users\qdcjj\Desktop\Game\Game228\MyCar.h(2,10): fatal  error C1083: Не удается открыть файл включение: SFML/Graphics.hpp: No such file or directory,
  Source.cpp
C:\Users\qdcjj\Desktop\Game\Game228\engine.h(2,9): fatal  error C1083: Не удается открыть файл включение: SFML/Audio.hpp: No such file or directory,
  Update.cpp
C:\Users\qdcjj\Desktop\Game\Game228\engine.h(2,9): fatal  error C1083: Не удается открыть файл включение: SFML/Audio.hpp: No such file or directory,
